Using pre-set license
Built from '2020.2/release' branch; Version is '2020.2.1f1 (270dd8c3da1c) revision 2559448'; Using compiler version '192528614'; Build Type 'Release'
OS: 'Windows 10  (10.0.0) 64bit' Language: 'en' Physical Memory: 65454 MB
BatchMode: 1, IsHumanControllingUs: 0, StartBugReporterOnCrash: 0, Is64bit: 1, IsPro: 0

 COMMAND LINE ARGUMENTS:
E:\Unity\2020.2.1f1\Editor\Unity.exe
-adb2
-batchMode
-noUpm
-name
AssetImportWorker0
-projectPath
E:/Unity/Projects/Assignment-8
-logFile
Logs/AssetImportWorker0.log
-srvPort
58960
Successfully changed project path to: E:/Unity/Projects/Assignment-8
E:/Unity/Projects/Assignment-8
Using Asset Import Pipeline V2.
Refreshing native plugins compatible for Editor in 20.42 ms, found 0 plugins.
Preloading 0 native plugins for Editor in 0.00 ms.
Initialize engine version: 2020.2.1f1 (270dd8c3da1c)
[Subsystems] Discovering subsystems at path E:/Unity/2020.2.1f1/Editor/Data/Resources/UnitySubsystems
[Subsystems] Discovering subsystems at path E:/Unity/Projects/Assignment-8/Assets
GfxDevice: creating device client; threaded=0
Direct3D:
    Version:  Direct3D 11.0 [level 11.1]
    Renderer: NVIDIA GeForce RTX 2080 Ti (ID=0x1e07)
    Vendor:   
    VRAM:     11049 MB
    Driver:   27.21.14.6140
Initialize mono
Mono path[0] = 'E:/Unity/2020.2.1f1/Editor/Data/Managed'
Mono path[1] = 'E:/Unity/2020.2.1f1/Editor/Data/MonoBleedingEdge/lib/mono/unityjit'
Mono config path = 'E:/Unity/2020.2.1f1/Editor/Data/MonoBleedingEdge/etc'
Using monoOptions --debugger-agent=transport=dt_socket,embedding=1,server=y,suspend=n,address=127.0.0.1:56128
Begin MonoManager ReloadAssembly
Registering precompiled unity dll's ...
Register platform support module: E:/Unity/2020.2.1f1/Editor/Data/PlaybackEngines/WebGLSupport/UnityEditor.WebGL.Extensions.dll
Register platform support module: E:/Unity/2020.2.1f1/Editor/Data/PlaybackEngines/MacStandaloneSupport/UnityEditor.OSXStandalone.Extensions.dll
Register platform support module: E:/Unity/2020.2.1f1/Editor/Data/PlaybackEngines/WindowsStandaloneSupport/UnityEditor.WindowsStandalone.Extensions.dll
Register platform support module: E:/Unity/2020.2.1f1/Editor/Data/PlaybackEngines/LinuxStandaloneSupport/UnityEditor.LinuxStandalone.Extensions.dll
Registered in 0.001254 seconds.
Native extension for LinuxStandalone target not found
Native extension for WindowsStandalone target not found
Native extension for OSXStandalone target not found
Native extension for WebGL target not found
Refreshing native plugins compatible for Editor in 20.22 ms, found 0 plugins.
Preloading 0 native plugins for Editor in 0.00 ms.
Invoked RoslynAnalysisRunner static constructor.
RoslynAnalysisRunner will not be running.
RoslynAnalysisRunner has terminated.
Mono: successfully reloaded assembly
- Completed reload, in  2.042 seconds
Platform modules already initialized, skipping
Registering precompiled user dll's ...
Registered in 0.000457 seconds.
Begin MonoManager ReloadAssembly
Native extension for LinuxStandalone target not found
Native extension for WindowsStandalone target not found
Native extension for OSXStandalone target not found
Native extension for WebGL target not found
Refreshing native plugins compatible for Editor in 0.18 ms, found 0 plugins.
Preloading 0 native plugins for Editor in 0.00 ms.
Invoked RoslynAnalysisRunner static constructor.
RoslynAnalysisRunner will not be running.
RoslynAnalysisRunner has terminated.
Mono: successfully reloaded assembly
- Completed reload, in  1.048 seconds
Platform modules already initialized, skipping
========================================================================
Worker process is ready to serve import requests
Launched and connected shader compiler UnityShaderCompiler.exe after 0.02 seconds
Refreshing native plugins compatible for Editor in 0.18 ms, found 0 plugins.
Preloading 0 native plugins for Editor in 0.00 ms.
Unloading 1107 Unused Serialized files (Serialized files now loaded: 0)
System memory in use before: 57.9 MB.
System memory in use after: 57.9 MB.

Unloading 10 unused Assets to reduce memory usage. Loaded Objects now: 1547.
Total: 1.597600 ms (FindLiveObjects: 0.133600 ms CreateObjectMapping: 0.039400 ms MarkObjects: 1.367700 ms  DeleteObjects: 0.055400 ms)

========================================================================
Received Import Request.
  path: Assets
  artifactKey: Guid(00000000000000001000000000000000) Importer(815301076,1909f56bfc062723c751e8b465ee728b)
Start importing Assets using Guid(00000000000000001000000000000000) Importer(815301076,1909f56bfc062723c751e8b465ee728b)  -> (artifact id: 'e1a2c4dac9df7c17871e19a3b74f0e9f') in 0.009712 seconds
  Import took 0.011892 seconds .

========================================================================
Received Import Request.
  Time since last request: 11.858005 seconds.
  path: Assets/TestPrefs.cs
  artifactKey: Guid(0dffa3916bc1a25468a4a7aaa32ab25e) Importer(815301076,1909f56bfc062723c751e8b465ee728b)
Start importing Assets/TestPrefs.cs using Guid(0dffa3916bc1a25468a4a7aaa32ab25e) Importer(815301076,1909f56bfc062723c751e8b465ee728b)  -> (artifact id: 'ab6f02f3044cb229876c1ed2bfd50eed') in 0.021306 seconds
  Import took 0.022901 seconds .

========================================================================
Received Import Request.
  Time since last request: 0.065882 seconds.
  path: Assets/TestPrefs.cs
  artifactKey: Guid(0dffa3916bc1a25468a4a7aaa32ab25e) Importer(815301076,1909f56bfc062723c751e8b465ee728b)
Start importing Assets/TestPrefs.cs using Guid(0dffa3916bc1a25468a4a7aaa32ab25e) Importer(815301076,1909f56bfc062723c751e8b465ee728b)  -> (artifact id: 'ab6f02f3044cb229876c1ed2bfd50eed') in 0.002890 seconds
  Import took 0.004899 seconds .

========================================================================
Received Prepare
Registering precompiled user dll's ...
Registered in 0.000495 seconds.
Begin MonoManager ReloadAssembly
Native extension for LinuxStandalone target not found
Native extension for WindowsStandalone target not found
Native extension for OSXStandalone target not found
Native extension for WebGL target not found
Refreshing native plugins compatible for Editor in 0.31 ms, found 0 plugins.
Preloading 0 native plugins for Editor in 0.00 ms.
Invoked RoslynAnalysisRunner static constructor.
RoslynAnalysisRunner will not be running.
RoslynAnalysisRunner has terminated.
Mono: successfully reloaded assembly
- Completed reload, in  0.687 seconds
Platform modules already initialized, skipping
Refreshing native plugins compatible for Editor in 0.18 ms, found 0 plugins.
Preloading 0 native plugins for Editor in 0.00 ms.
Unloading 1090 Unused Serialized files (Serialized files now loaded: 0)
System memory in use before: 57.1 MB.
System memory in use after: 57.1 MB.

Unloading 5 unused Assets to reduce memory usage. Loaded Objects now: 1550.
Total: 1.239300 ms (FindLiveObjects: 0.114300 ms CreateObjectMapping: 0.031600 ms MarkObjects: 1.050000 ms  DeleteObjects: 0.042300 ms)

========================================================================
Received Prepare
Registering precompiled user dll's ...
Registered in 0.000662 seconds.
Begin MonoManager ReloadAssembly
Native extension for LinuxStandalone target not found
Native extension for WindowsStandalone target not found
Native extension for OSXStandalone target not found
Native extension for WebGL target not found
Refreshing native plugins compatible for Editor in 0.20 ms, found 0 plugins.
Preloading 0 native plugins for Editor in 0.00 ms.
Invoked RoslynAnalysisRunner static constructor.
RoslynAnalysisRunner will not be running.
RoslynAnalysisRunner has terminated.
Mono: successfully reloaded assembly
- Completed reload, in  0.706 seconds
Platform modules already initialized, skipping
Refreshing native plugins compatible for Editor in 0.19 ms, found 0 plugins.
Preloading 0 native plugins for Editor in 0.00 ms.
Unloading 1090 Unused Serialized files (Serialized files now loaded: 0)
System memory in use before: 57.3 MB.
System memory in use after: 57.3 MB.

Unloading 5 unused Assets to reduce memory usage. Loaded Objects now: 1552.
Total: 1.281300 ms (FindLiveObjects: 0.175700 ms CreateObjectMapping: 0.045000 ms MarkObjects: 1.022800 ms  DeleteObjects: 0.036800 ms)

========================================================================
Received Import Request.
  Time since last request: 631.859476 seconds.
  path: Assets/TestPrefs.cs
  artifactKey: Guid(0dffa3916bc1a25468a4a7aaa32ab25e) Importer(815301076,1909f56bfc062723c751e8b465ee728b)
Start importing Assets/TestPrefs.cs using Guid(0dffa3916bc1a25468a4a7aaa32ab25e) Importer(815301076,1909f56bfc062723c751e8b465ee728b)  -> (artifact id: '8216193480af2f494316787cef8d71fa') in 0.003890 seconds
  Import took 0.005358 seconds .

========================================================================
Received Prepare
Registering precompiled user dll's ...
Registered in 0.000865 seconds.
Begin MonoManager ReloadAssembly
Native extension for LinuxStandalone target not found
Native extension for WindowsStandalone target not found
Native extension for OSXStandalone target not found
Native extension for WebGL target not found
Refreshing native plugins compatible for Editor in 0.16 ms, found 0 plugins.
Preloading 0 native plugins for Editor in 0.00 ms.
Invoked RoslynAnalysisRunner static constructor.
RoslynAnalysisRunner will not be running.
RoslynAnalysisRunner has terminated.
Mono: successfully reloaded assembly
- Completed reload, in  0.716 seconds
Platform modules already initialized, skipping
Refreshing native plugins compatible for Editor in 0.18 ms, found 0 plugins.
Preloading 0 native plugins for Editor in 0.00 ms.
Unloading 1090 Unused Serialized files (Serialized files now loaded: 0)
System memory in use before: 57.5 MB.
System memory in use after: 57.5 MB.

Unloading 5 unused Assets to reduce memory usage. Loaded Objects now: 1554.
Total: 1.231800 ms (FindLiveObjects: 0.124800 ms CreateObjectMapping: 0.031300 ms MarkObjects: 1.039700 ms  DeleteObjects: 0.034600 ms)

========================================================================
Received Import Request.
  Time since last request: 5587.410136 seconds.
  path: Assets/TestPrefs.cs
  artifactKey: Guid(0dffa3916bc1a25468a4a7aaa32ab25e) Importer(815301076,1909f56bfc062723c751e8b465ee728b)
Start importing Assets/TestPrefs.cs using Guid(0dffa3916bc1a25468a4a7aaa32ab25e) Importer(815301076,1909f56bfc062723c751e8b465ee728b)  -> (artifact id: '2c547b79f1f76f811d7e8957a58cc0d4') in 0.005181 seconds
  Import took 0.007145 seconds .

========================================================================
Received Import Request.
  Time since last request: 0.005391 seconds.
  path: Assets/TestPrefs.cs
  artifactKey: Guid(0dffa3916bc1a25468a4a7aaa32ab25e) Importer(815301076,1909f56bfc062723c751e8b465ee728b)
Start importing Assets/TestPrefs.cs using Guid(0dffa3916bc1a25468a4a7aaa32ab25e) Importer(815301076,1909f56bfc062723c751e8b465ee728b)  -> (artifact id: '2c547b79f1f76f811d7e8957a58cc0d4') in 0.004805 seconds
  Import took 0.006270 seconds .

========================================================================
Received Import Request.
  Time since last request: 22.337812 seconds.
  path: Assets/NameTransfer.cs
  artifactKey: Guid(b27cb02fe1e1ee44d8b418284a53942f) Importer(815301076,1909f56bfc062723c751e8b465ee728b)
Start importing Assets/NameTransfer.cs using Guid(b27cb02fe1e1ee44d8b418284a53942f) Importer(815301076,1909f56bfc062723c751e8b465ee728b)  -> (artifact id: '7f7e0ea5774d846f43618e998cf96f43') in 0.008099 seconds
  Import took 0.009933 seconds .

========================================================================
Received Import Request.
  Time since last request: 139.867683 seconds.
  path: Assets/NameTransfer.cs
  artifactKey: Guid(b27cb02fe1e1ee44d8b418284a53942f) Importer(815301076,1909f56bfc062723c751e8b465ee728b)
Start importing Assets/NameTransfer.cs using Guid(b27cb02fe1e1ee44d8b418284a53942f) Importer(815301076,1909f56bfc062723c751e8b465ee728b)  -> (artifact id: '851ea91a279ee0a687fe5561d6668112') in 0.005422 seconds
  Import took 0.007103 seconds .

========================================================================
Received Import Request.
  Time since last request: 14.655902 seconds.
  path: Assets/TestPrefs.cs
  artifactKey: Guid(0dffa3916bc1a25468a4a7aaa32ab25e) Importer(815301076,1909f56bfc062723c751e8b465ee728b)
Start importing Assets/TestPrefs.cs using Guid(0dffa3916bc1a25468a4a7aaa32ab25e) Importer(815301076,1909f56bfc062723c751e8b465ee728b)  -> (artifact id: 'c7e87c1c5a229079e3b9199c39c0f4d0') in 0.002123 seconds
  Import took 0.003520 seconds .

========================================================================
Received Prepare
Registering precompiled user dll's ...
Registered in 0.000699 seconds.
Begin MonoManager ReloadAssembly
Native extension for LinuxStandalone target not found
Native extension for WindowsStandalone target not found
Native extension for OSXStandalone target not found
Native extension for WebGL target not found
Refreshing native plugins compatible for Editor in 0.16 ms, found 0 plugins.
Preloading 0 native plugins for Editor in 0.00 ms.
Invoked RoslynAnalysisRunner static constructor.
RoslynAnalysisRunner will not be running.
RoslynAnalysisRunner has terminated.
Mono: successfully reloaded assembly
- Completed reload, in  0.697 seconds
Platform modules already initialized, skipping
Refreshing native plugins compatible for Editor in 0.17 ms, found 0 plugins.
Preloading 0 native plugins for Editor in 0.00 ms.
Unloading 1091 Unused Serialized files (Serialized files now loaded: 0)
System memory in use before: 57.7 MB.
System memory in use after: 57.7 MB.

Unloading 5 unused Assets to reduce memory usage. Loaded Objects now: 1557.
Total: 1.181600 ms (FindLiveObjects: 0.106800 ms CreateObjectMapping: 0.031900 ms MarkObjects: 1.007200 ms  DeleteObjects: 0.034900 ms)

========================================================================
Received Import Request.
  Time since last request: 131.702901 seconds.
  path: Assets/TestPrefs.cs
  artifactKey: Guid(0dffa3916bc1a25468a4a7aaa32ab25e) Importer(815301076,1909f56bfc062723c751e8b465ee728b)
Start importing Assets/TestPrefs.cs using Guid(0dffa3916bc1a25468a4a7aaa32ab25e) Importer(815301076,1909f56bfc062723c751e8b465ee728b)  -> (artifact id: '8e0fcffd9bf305d91945083ebb11ffe7') in 0.007964 seconds
  Import took 0.009577 seconds .

========================================================================
Received Prepare
Registering precompiled user dll's ...
Registered in 0.000471 seconds.
Begin MonoManager ReloadAssembly
Native extension for LinuxStandalone target not found
Native extension for WindowsStandalone target not found
Native extension for OSXStandalone target not found
Native extension for WebGL target not found
Refreshing native plugins compatible for Editor in 0.17 ms, found 0 plugins.
Preloading 0 native plugins for Editor in 0.00 ms.
Invoked RoslynAnalysisRunner static constructor.
RoslynAnalysisRunner will not be running.
RoslynAnalysisRunner has terminated.
Mono: successfully reloaded assembly
- Completed reload, in  0.680 seconds
Platform modules already initialized, skipping
Refreshing native plugins compatible for Editor in 0.17 ms, found 0 plugins.
Preloading 0 native plugins for Editor in 0.00 ms.
Unloading 1091 Unused Serialized files (Serialized files now loaded: 0)
System memory in use before: 57.8 MB.
System memory in use after: 57.9 MB.

Unloading 5 unused Assets to reduce memory usage. Loaded Objects now: 1559.
Total: 1.617600 ms (FindLiveObjects: 0.111300 ms CreateObjectMapping: 0.029700 ms MarkObjects: 1.424400 ms  DeleteObjects: 0.050900 ms)

========================================================================
Received Prepare
Registering precompiled user dll's ...
Registered in 0.000526 seconds.
Begin MonoManager ReloadAssembly
Native extension for LinuxStandalone target not found
Native extension for WindowsStandalone target not found
Native extension for OSXStandalone target not found
Native extension for WebGL target not found
Refreshing native plugins compatible for Editor in 0.26 ms, found 0 plugins.
Preloading 0 native plugins for Editor in 0.00 ms.
Invoked RoslynAnalysisRunner static constructor.
RoslynAnalysisRunner will not be running.
RoslynAnalysisRunner has terminated.
Mono: successfully reloaded assembly
- Completed reload, in  0.744 seconds
Platform modules already initialized, skipping
Refreshing native plugins compatible for Editor in 0.18 ms, found 0 plugins.
Preloading 0 native plugins for Editor in 0.00 ms.
Unloading 1091 Unused Serialized files (Serialized files now loaded: 0)
System memory in use before: 58.0 MB.
System memory in use after: 58.1 MB.

Unloading 5 unused Assets to reduce memory usage. Loaded Objects now: 1561.
Total: 1.330200 ms (FindLiveObjects: 0.111500 ms CreateObjectMapping: 0.035100 ms MarkObjects: 1.142600 ms  DeleteObjects: 0.040000 ms)

========================================================================
Received Prepare
Registering precompiled user dll's ...
Registered in 0.000829 seconds.
Begin MonoManager ReloadAssembly
Native extension for LinuxStandalone target not found
Native extension for WindowsStandalone target not found
Native extension for OSXStandalone target not found
Native extension for WebGL target not found
Refreshing native plugins compatible for Editor in 0.34 ms, found 0 plugins.
Preloading 0 native plugins for Editor in 0.00 ms.
Invoked RoslynAnalysisRunner static constructor.
RoslynAnalysisRunner will not be running.
RoslynAnalysisRunner has terminated.
Mono: successfully reloaded assembly
- Completed reload, in  0.697 seconds
Platform modules already initialized, skipping
Refreshing native plugins compatible for Editor in 0.18 ms, found 0 plugins.
Preloading 0 native plugins for Editor in 0.00 ms.
Unloading 1091 Unused Serialized files (Serialized files now loaded: 0)
System memory in use before: 58.2 MB.
System memory in use after: 58.2 MB.

Unloading 5 unused Assets to reduce memory usage. Loaded Objects now: 1563.
Total: 1.521600 ms (FindLiveObjects: 0.174600 ms CreateObjectMapping: 0.063400 ms MarkObjects: 1.245800 ms  DeleteObjects: 0.036700 ms)

========================================================================
Received Prepare
Registering precompiled user dll's ...
Registered in 0.000522 seconds.
Begin MonoManager ReloadAssembly
Native extension for LinuxStandalone target not found
Native extension for WindowsStandalone target not found
Native extension for OSXStandalone target not found
Native extension for WebGL target not found
Refreshing native plugins compatible for Editor in 0.17 ms, found 0 plugins.
Preloading 0 native plugins for Editor in 0.00 ms.
Invoked RoslynAnalysisRunner static constructor.
RoslynAnalysisRunner will not be running.
RoslynAnalysisRunner has terminated.
Mono: successfully reloaded assembly
- Completed reload, in  0.649 seconds
Platform modules already initialized, skipping
Refreshing native plugins compatible for Editor in 0.17 ms, found 0 plugins.
Preloading 0 native plugins for Editor in 0.00 ms.
Unloading 1091 Unused Serialized files (Serialized files now loaded: 0)
System memory in use before: 58.3 MB.
System memory in use after: 58.4 MB.

Unloading 5 unused Assets to reduce memory usage. Loaded Objects now: 1565.
Total: 2.129800 ms (FindLiveObjects: 0.180900 ms CreateObjectMapping: 0.058000 ms MarkObjects: 1.842300 ms  DeleteObjects: 0.047400 ms)

========================================================================
Received Prepare
Registering precompiled user dll's ...
Registered in 0.000500 seconds.
Begin MonoManager ReloadAssembly
Native extension for LinuxStandalone target not found
Native extension for WindowsStandalone target not found
Native extension for OSXStandalone target not found
Native extension for WebGL target not found
Refreshing native plugins compatible for Editor in 0.18 ms, found 0 plugins.
Preloading 0 native plugins for Editor in 0.00 ms.
Invoked RoslynAnalysisRunner static constructor.
RoslynAnalysisRunner will not be running.
RoslynAnalysisRunner has terminated.
Mono: successfully reloaded assembly
- Completed reload, in  0.669 seconds
Platform modules already initialized, skipping
Refreshing native plugins compatible for Editor in 0.27 ms, found 0 plugins.
Preloading 0 native plugins for Editor in 0.00 ms.
Unloading 1091 Unused Serialized files (Serialized files now loaded: 0)
System memory in use before: 58.5 MB.
System memory in use after: 58.6 MB.

Unloading 5 unused Assets to reduce memory usage. Loaded Objects now: 1567.
Total: 1.181900 ms (FindLiveObjects: 0.121400 ms CreateObjectMapping: 0.030800 ms MarkObjects: 0.991700 ms  DeleteObjects: 0.036700 ms)

========================================================================
Received Prepare
Registering precompiled user dll's ...
Registered in 0.000445 seconds.
Begin MonoManager ReloadAssembly
Native extension for LinuxStandalone target not found
Native extension for WindowsStandalone target not found
Native extension for OSXStandalone target not found
Native extension for WebGL target not found
Refreshing native plugins compatible for Editor in 0.17 ms, found 0 plugins.
Preloading 0 native plugins for Editor in 0.00 ms.
Invoked RoslynAnalysisRunner static constructor.
RoslynAnalysisRunner will not be running.
RoslynAnalysisRunner has terminated.
Mono: successfully reloaded assembly
- Completed reload, in  0.644 seconds
Platform modules already initialized, skipping
Refreshing native plugins compatible for Editor in 0.21 ms, found 0 plugins.
Preloading 0 native plugins for Editor in 0.00 ms.
Unloading 1091 Unused Serialized files (Serialized files now loaded: 0)
System memory in use before: 58.7 MB.
System memory in use after: 58.8 MB.

Unloading 5 unused Assets to reduce memory usage. Loaded Objects now: 1569.
Total: 2.029000 ms (FindLiveObjects: 0.287300 ms CreateObjectMapping: 0.076000 ms MarkObjects: 1.615100 ms  DeleteObjects: 0.048700 ms)

========================================================================
Received Import Request.
  Time since last request: 4293.819124 seconds.
  path: Assets/New Prefab.prefab
  artifactKey: Guid(96ab3902b7babfe4aa57988118881585) Importer(815301076,1909f56bfc062723c751e8b465ee728b)
Start importing Assets/New Prefab.prefab using Guid(96ab3902b7babfe4aa57988118881585) Importer(815301076,1909f56bfc062723c751e8b465ee728b)  -> (artifact id: 'c2795f8dba10b0717ef6ebbfd49cb47c') in 0.028303 seconds
  Import took 0.030549 seconds .

========================================================================
Received Import Request.
  Time since last request: 4.378230 seconds.
  path: Assets/Prefabs
  artifactKey: Guid(6d5eb1f75f2454d43ab949a01572f9cc) Importer(815301076,1909f56bfc062723c751e8b465ee728b)
Start importing Assets/Prefabs using Guid(6d5eb1f75f2454d43ab949a01572f9cc) Importer(815301076,1909f56bfc062723c751e8b465ee728b)  -> (artifact id: '6fb8f17582eceacafac7c82678d32a77') in 0.006152 seconds
  Import took 0.007508 seconds .

========================================================================
Received Import Request.
  Time since last request: 18.084849 seconds.
  path: Assets/Prefabs/Player Character Prefab.prefab
  artifactKey: Guid(96ab3902b7babfe4aa57988118881585) Importer(815301076,1909f56bfc062723c751e8b465ee728b)
Start importing Assets/Prefabs/Player Character Prefab.prefab using Guid(96ab3902b7babfe4aa57988118881585) Importer(815301076,1909f56bfc062723c751e8b465ee728b)  -> (artifact id: '77a658014be297f430eb06e8fea53436') in 0.007411 seconds
  Import took 0.009333 seconds .

========================================================================
Received Import Request.
  Time since last request: 125.764948 seconds.
  path: Assets/ButtonScrip.cs
  artifactKey: Guid(1e10ff4b81c0a6b4a8b0ea042e1d81f7) Importer(815301076,1909f56bfc062723c751e8b465ee728b)
Start importing Assets/ButtonScrip.cs using Guid(1e10ff4b81c0a6b4a8b0ea042e1d81f7) Importer(815301076,1909f56bfc062723c751e8b465ee728b)  -> (artifact id: '735a1b7472e7e4568d6cac52093c6ec0') in 0.005611 seconds
  Import took 0.007701 seconds .

========================================================================
Received Import Request.
  Time since last request: 0.001048 seconds.
  path: Assets/ButtonScrip.cs
  artifactKey: Guid(1e10ff4b81c0a6b4a8b0ea042e1d81f7) Importer(815301076,1909f56bfc062723c751e8b465ee728b)
Start importing Assets/ButtonScrip.cs using Guid(1e10ff4b81c0a6b4a8b0ea042e1d81f7) Importer(815301076,1909f56bfc062723c751e8b465ee728b)  -> (artifact id: '735a1b7472e7e4568d6cac52093c6ec0') in 0.002070 seconds
  Import took 0.003504 seconds .

========================================================================
Received Prepare
Registering precompiled user dll's ...
Registered in 0.000483 seconds.
Begin MonoManager ReloadAssembly
Native extension for LinuxStandalone target not found
Native extension for WindowsStandalone target not found
Native extension for OSXStandalone target not found
Native extension for WebGL target not found
Refreshing native plugins compatible for Editor in 0.17 ms, found 0 plugins.
Preloading 0 native plugins for Editor in 0.00 ms.
Invoked RoslynAnalysisRunner static constructor.
RoslynAnalysisRunner will not be running.
RoslynAnalysisRunner has terminated.
Mono: successfully reloaded assembly
- Completed reload, in  0.656 seconds
Platform modules already initialized, skipping
Refreshing native plugins compatible for Editor in 0.16 ms, found 0 plugins.
Preloading 0 native plugins for Editor in 0.00 ms.
Unloading 1092 Unused Serialized files (Serialized files now loaded: 0)
System memory in use before: 58.9 MB.
System memory in use after: 58.9 MB.

Unloading 5 unused Assets to reduce memory usage. Loaded Objects now: 1572.
Total: 1.298900 ms (FindLiveObjects: 0.135500 ms CreateObjectMapping: 0.035200 ms MarkObjects: 1.085200 ms  DeleteObjects: 0.042000 ms)

========================================================================
Received Prepare
Registering precompiled user dll's ...
Registered in 0.000567 seconds.
Begin MonoManager ReloadAssembly
Native extension for LinuxStandalone target not found
Native extension for WindowsStandalone target not found
Native extension for OSXStandalone target not found
Native extension for WebGL target not found
Refreshing native plugins compatible for Editor in 0.19 ms, found 0 plugins.
Preloading 0 native plugins for Editor in 0.00 ms.
Invoked RoslynAnalysisRunner static constructor.
RoslynAnalysisRunner will not be running.
RoslynAnalysisRunner has terminated.
Mono: successfully reloaded assembly
- Completed reload, in  0.643 seconds
Platform modules already initialized, skipping
Refreshing native plugins compatible for Editor in 0.21 ms, found 0 plugins.
Preloading 0 native plugins for Editor in 0.00 ms.
Unloading 1092 Unused Serialized files (Serialized files now loaded: 0)
System memory in use before: 58.1 MB.
System memory in use after: 58.1 MB.

Unloading 5 unused Assets to reduce memory usage. Loaded Objects now: 1574.
Total: 1.260500 ms (FindLiveObjects: 0.121500 ms CreateObjectMapping: 0.035700 ms MarkObjects: 1.066500 ms  DeleteObjects: 0.035900 ms)

========================================================================
Received Import Request.
  Time since last request: 113.359935 seconds.
  path: Assets/ButtonScrip.cs
  artifactKey: Guid(1e10ff4b81c0a6b4a8b0ea042e1d81f7) Importer(815301076,1909f56bfc062723c751e8b465ee728b)
Start importing Assets/ButtonScrip.cs using Guid(1e10ff4b81c0a6b4a8b0ea042e1d81f7) Importer(815301076,1909f56bfc062723c751e8b465ee728b)  -> (artifact id: '16631046b895af6a26507231dbcea950') in 0.003675 seconds
  Import took 0.005104 seconds .

========================================================================
Received Import Request.
  Time since last request: 63.347051 seconds.
  path: Assets/TestPrefs.cs
  artifactKey: Guid(0dffa3916bc1a25468a4a7aaa32ab25e) Importer(815301076,1909f56bfc062723c751e8b465ee728b)
Start importing Assets/TestPrefs.cs using Guid(0dffa3916bc1a25468a4a7aaa32ab25e) Importer(815301076,1909f56bfc062723c751e8b465ee728b)  -> (artifact id: '8ab392bd667e9487bda3393a93a80296') in 0.004993 seconds
  Import took 0.006351 seconds .

========================================================================
Received Prepare
Registering precompiled user dll's ...
Registered in 0.000486 seconds.
Begin MonoManager ReloadAssembly
Native extension for LinuxStandalone target not found
Native extension for WindowsStandalone target not found
Native extension for OSXStandalone target not found
Native extension for WebGL target not found
Refreshing native plugins compatible for Editor in 0.35 ms, found 0 plugins.
Preloading 0 native plugins for Editor in 0.00 ms.
Invoked RoslynAnalysisRunner static constructor.
RoslynAnalysisRunner will not be running.
RoslynAnalysisRunner has terminated.
Mono: successfully reloaded assembly
- Completed reload, in  0.659 seconds
Platform modules already initialized, skipping
Refreshing native plugins compatible for Editor in 0.19 ms, found 0 plugins.
Preloading 0 native plugins for Editor in 0.00 ms.
Unloading 1091 Unused Serialized files (Serialized files now loaded: 0)
System memory in use before: 58.2 MB.
System memory in use after: 58.3 MB.

Unloading 6 unused Assets to reduce memory usage. Loaded Objects now: 1575.
Total: 1.222400 ms (FindLiveObjects: 0.142500 ms CreateObjectMapping: 0.035900 ms MarkObjects: 1.004700 ms  DeleteObjects: 0.038500 ms)

========================================================================
Received Prepare
Registering precompiled user dll's ...
Registered in 0.000459 seconds.
Begin MonoManager ReloadAssembly
Native extension for LinuxStandalone target not found
Native extension for WindowsStandalone target not found
Native extension for OSXStandalone target not found
Native extension for WebGL target not found
Refreshing native plugins compatible for Editor in 0.20 ms, found 0 plugins.
Preloading 0 native plugins for Editor in 0.00 ms.
Invoked RoslynAnalysisRunner static constructor.
RoslynAnalysisRunner will not be running.
RoslynAnalysisRunner has terminated.
Mono: successfully reloaded assembly
- Completed reload, in  0.677 seconds
Platform modules already initialized, skipping
Refreshing native plugins compatible for Editor in 0.16 ms, found 0 plugins.
Preloading 0 native plugins for Editor in 0.00 ms.
Unloading 1090 Unused Serialized files (Serialized files now loaded: 0)
System memory in use before: 58.4 MB.
System memory in use after: 58.4 MB.

Unloading 6 unused Assets to reduce memory usage. Loaded Objects now: 1576.
Total: 1.924100 ms (FindLiveObjects: 0.216000 ms CreateObjectMapping: 0.079700 ms MarkObjects: 1.554600 ms  DeleteObjects: 0.072700 ms)

========================================================================
Received Prepare
Registering precompiled user dll's ...
Registered in 0.000507 seconds.
Begin MonoManager ReloadAssembly
Native extension for LinuxStandalone target not found
Native extension for WindowsStandalone target not found
Native extension for OSXStandalone target not found
Native extension for WebGL target not found
Refreshing native plugins compatible for Editor in 0.17 ms, found 0 plugins.
Preloading 0 native plugins for Editor in 0.00 ms.
Invoked RoslynAnalysisRunner static constructor.
RoslynAnalysisRunner will not be running.
RoslynAnalysisRunner has terminated.
Mono: successfully reloaded assembly
- Completed reload, in  0.646 seconds
Platform modules already initialized, skipping
Refreshing native plugins compatible for Editor in 0.16 ms, found 0 plugins.
Preloading 0 native plugins for Editor in 0.00 ms.
Unloading 1090 Unused Serialized files (Serialized files now loaded: 0)
System memory in use before: 58.5 MB.
System memory in use after: 58.6 MB.

Unloading 5 unused Assets to reduce memory usage. Loaded Objects now: 1578.
Total: 2.414300 ms (FindLiveObjects: 0.133600 ms CreateObjectMapping: 0.036500 ms MarkObjects: 2.199100 ms  DeleteObjects: 0.043700 ms)

========================================================================
Received Prepare
Registering precompiled user dll's ...
Registered in 0.000494 seconds.
Begin MonoManager ReloadAssembly
Native extension for LinuxStandalone target not found
Native extension for WindowsStandalone target not found
Native extension for OSXStandalone target not found
Native extension for WebGL target not found
Refreshing native plugins compatible for Editor in 0.20 ms, found 0 plugins.
Preloading 0 native plugins for Editor in 0.00 ms.
Invoked RoslynAnalysisRunner static constructor.
RoslynAnalysisRunner will not be running.
RoslynAnalysisRunner has terminated.
Mono: successfully reloaded assembly
- Completed reload, in  0.692 seconds
Platform modules already initialized, skipping
Refreshing native plugins compatible for Editor in 0.24 ms, found 0 plugins.
Preloading 0 native plugins for Editor in 0.00 ms.
Unloading 1090 Unused Serialized files (Serialized files now loaded: 0)
System memory in use before: 58.7 MB.
System memory in use after: 58.8 MB.

Unloading 5 unused Assets to reduce memory usage. Loaded Objects now: 1580.
Total: 1.525100 ms (FindLiveObjects: 0.135500 ms CreateObjectMapping: 0.035300 ms MarkObjects: 1.302400 ms  DeleteObjects: 0.050800 ms)

========================================================================
Received Prepare
Registering precompiled user dll's ...
Registered in 0.000659 seconds.
Begin MonoManager ReloadAssembly
Native extension for LinuxStandalone target not found
Native extension for WindowsStandalone target not found
Native extension for OSXStandalone target not found
Native extension for WebGL target not found
Refreshing native plugins compatible for Editor in 0.17 ms, found 0 plugins.
Preloading 0 native plugins for Editor in 0.00 ms.
Invoked RoslynAnalysisRunner static constructor.
RoslynAnalysisRunner will not be running.
RoslynAnalysisRunner has terminated.
Mono: successfully reloaded assembly
- Completed reload, in  0.662 seconds
Platform modules already initialized, skipping
Refreshing native plugins compatible for Editor in 0.17 ms, found 0 plugins.
Preloading 0 native plugins for Editor in 0.00 ms.
Unloading 1090 Unused Serialized files (Serialized files now loaded: 0)
System memory in use before: 58.8 MB.
System memory in use after: 58.9 MB.

Unloading 5 unused Assets to reduce memory usage. Loaded Objects now: 1582.
Total: 1.846500 ms (FindLiveObjects: 0.162600 ms CreateObjectMapping: 0.046700 ms MarkObjects: 1.594300 ms  DeleteObjects: 0.041600 ms)

========================================================================
Received Prepare
Registering precompiled user dll's ...
Registered in 0.000512 seconds.
Begin MonoManager ReloadAssembly
Native extension for LinuxStandalone target not found
Native extension for WindowsStandalone target not found
Native extension for OSXStandalone target not found
Native extension for WebGL target not found
Refreshing native plugins compatible for Editor in 0.18 ms, found 0 plugins.
Preloading 0 native plugins for Editor in 0.00 ms.
Invoked RoslynAnalysisRunner static constructor.
RoslynAnalysisRunner will not be running.
RoslynAnalysisRunner has terminated.
Mono: successfully reloaded assembly
- Completed reload, in  0.712 seconds
Platform modules already initialized, skipping
Refreshing native plugins compatible for Editor in 0.20 ms, found 0 plugins.
Preloading 0 native plugins for Editor in 0.00 ms.
Unloading 1090 Unused Serialized files (Serialized files now loaded: 0)
System memory in use before: 58.1 MB.
System memory in use after: 58.1 MB.

Unloading 5 unused Assets to reduce memory usage. Loaded Objects now: 1584.
Total: 1.149400 ms (FindLiveObjects: 0.108500 ms CreateObjectMapping: 0.028700 ms MarkObjects: 0.974500 ms  DeleteObjects: 0.036600 ms)

========================================================================
Received Import Request.
  Time since last request: 430.284986 seconds.
  path: Assets/Scenes
  artifactKey: Guid(a607fb0ecf4507b4fb2297d7f6da8c97) Importer(815301076,1909f56bfc062723c751e8b465ee728b)
Start importing Assets/Scenes using Guid(a607fb0ecf4507b4fb2297d7f6da8c97) Importer(815301076,1909f56bfc062723c751e8b465ee728b)  -> (artifact id: 'aa7cd5b33aae3b122206043b74211dfd') in 0.007936 seconds
  Import took 0.009468 seconds .

========================================================================
Received Import Request.
  Time since last request: 10.696449 seconds.
  path: Assets/Scenes/Game.unity
  artifactKey: Guid(c89c7f325e17f834e96a8f32f832c111) Importer(815301076,1909f56bfc062723c751e8b465ee728b)
Start importing Assets/Scenes/Game.unity using Guid(c89c7f325e17f834e96a8f32f832c111) Importer(815301076,1909f56bfc062723c751e8b465ee728b)  -> (artifact id: '504625b764b3ec5c3f50d6f6d10e3d44') in 0.012269 seconds
  Import took 0.013764 seconds .

========================================================================
Received Import Request.
  Time since last request: 2.817802 seconds.
  path: Assets/Scenes/SampleScene.unity
  artifactKey: Guid(9fc0d4010bbf28b4594072e72b8655ab) Importer(815301076,1909f56bfc062723c751e8b465ee728b)
Start importing Assets/Scenes/SampleScene.unity using Guid(9fc0d4010bbf28b4594072e72b8655ab) Importer(815301076,1909f56bfc062723c751e8b465ee728b)  -> (artifact id: '6cab385063340e03b02fc25dca7d2741') in 0.005673 seconds
  Import took 0.007130 seconds .

========================================================================
Received Import Request.
  Time since last request: 0.001948 seconds.
  path: Assets/Scenes/SampleScene.unity
  artifactKey: Guid(9fc0d4010bbf28b4594072e72b8655ab) Importer(815301076,1909f56bfc062723c751e8b465ee728b)
Start importing Assets/Scenes/SampleScene.unity using Guid(9fc0d4010bbf28b4594072e72b8655ab) Importer(815301076,1909f56bfc062723c751e8b465ee728b)  -> (artifact id: '6cab385063340e03b02fc25dca7d2741') in 0.002443 seconds
  Import took 0.003898 seconds .

========================================================================
Received Import Request.
  Time since last request: 271.473172 seconds.
  path: Assets/Scripts
  artifactKey: Guid(97cd33f1dcbd4724d8b36fc93b97480e) Importer(815301076,1909f56bfc062723c751e8b465ee728b)
Start importing Assets/Scripts using Guid(97cd33f1dcbd4724d8b36fc93b97480e) Importer(815301076,1909f56bfc062723c751e8b465ee728b)  -> (artifact id: '74bfe8e9434ef4f13e602538526d5cf2') in 0.005969 seconds
  Import took 0.007715 seconds .

========================================================================
Received Prepare
Registering precompiled user dll's ...
Registered in 0.000642 seconds.
Begin MonoManager ReloadAssembly
Native extension for LinuxStandalone target not found
Native extension for WindowsStandalone target not found
Native extension for OSXStandalone target not found
Native extension for WebGL target not found
Refreshing native plugins compatible for Editor in 0.17 ms, found 0 plugins.
Preloading 0 native plugins for Editor in 0.00 ms.
Invoked RoslynAnalysisRunner static constructor.
RoslynAnalysisRunner will not be running.
RoslynAnalysisRunner has terminated.
Mono: successfully reloaded assembly
- Completed reload, in  0.660 seconds
Platform modules already initialized, skipping
Refreshing native plugins compatible for Editor in 0.20 ms, found 0 plugins.
Preloading 0 native plugins for Editor in 0.00 ms.
Unloading 1090 Unused Serialized files (Serialized files now loaded: 0)
System memory in use before: 58.3 MB.
System memory in use after: 58.3 MB.

Unloading 5 unused Assets to reduce memory usage. Loaded Objects now: 1586.
Total: 1.642300 ms (FindLiveObjects: 0.126300 ms CreateObjectMapping: 0.034200 ms MarkObjects: 1.428800 ms  DeleteObjects: 0.051800 ms)

========================================================================
Received Import Request.
  Time since last request: 16.363435 seconds.
  path: Assets/Scripts/LoadName.cs
  artifactKey: Guid(30b939d93ba8df8408794aacd7458837) Importer(815301076,1909f56bfc062723c751e8b465ee728b)
Start importing Assets/Scripts/LoadName.cs using Guid(30b939d93ba8df8408794aacd7458837) Importer(815301076,1909f56bfc062723c751e8b465ee728b)  -> (artifact id: '83fa811a871fe24cd967877bae9f7662') in 0.007476 seconds
  Import took 0.008906 seconds .

========================================================================
Received Prepare
Registering precompiled user dll's ...
Registered in 0.000470 seconds.
Begin MonoManager ReloadAssembly
Native extension for LinuxStandalone target not found
Native extension for WindowsStandalone target not found
Native extension for OSXStandalone target not found
Native extension for WebGL target not found
Refreshing native plugins compatible for Editor in 0.17 ms, found 0 plugins.
Preloading 0 native plugins for Editor in 0.00 ms.
Invoked RoslynAnalysisRunner static constructor.
RoslynAnalysisRunner will not be running.
RoslynAnalysisRunner has terminated.
Mono: successfully reloaded assembly
- Completed reload, in  0.642 seconds
Platform modules already initialized, skipping
Refreshing native plugins compatible for Editor in 0.16 ms, found 0 plugins.
Preloading 0 native plugins for Editor in 0.00 ms.
Unloading 1091 Unused Serialized files (Serialized files now loaded: 0)
System memory in use before: 58.4 MB.
System memory in use after: 58.5 MB.

Unloading 5 unused Assets to reduce memory usage. Loaded Objects now: 1589.
Total: 1.518000 ms (FindLiveObjects: 0.165800 ms CreateObjectMapping: 0.039700 ms MarkObjects: 1.268100 ms  DeleteObjects: 0.043100 ms)

========================================================================
Received Prepare
Registering precompiled user dll's ...
Registered in 0.000490 seconds.
Begin MonoManager ReloadAssembly
Native extension for LinuxStandalone target not found
Native extension for WindowsStandalone target not found
Native extension for OSXStandalone target not found
Native extension for WebGL target not found
Refreshing native plugins compatible for Editor in 0.17 ms, found 0 plugins.
Preloading 0 native plugins for Editor in 0.00 ms.
Invoked RoslynAnalysisRunner static constructor.
RoslynAnalysisRunner will not be running.
RoslynAnalysisRunner has terminated.
Mono: successfully reloaded assembly
- Completed reload, in  0.658 seconds
Platform modules already initialized, skipping
Refreshing native plugins compatible for Editor in 0.26 ms, found 0 plugins.
Preloading 0 native plugins for Editor in 0.00 ms.
Unloading 1091 Unused Serialized files (Serialized files now loaded: 0)
System memory in use before: 58.6 MB.
System memory in use after: 58.7 MB.

Unloading 5 unused Assets to reduce memory usage. Loaded Objects now: 1591.
Total: 1.274600 ms (FindLiveObjects: 0.125900 ms CreateObjectMapping: 0.031700 ms MarkObjects: 1.074900 ms  DeleteObjects: 0.041200 ms)

========================================================================
Received Import Request.
  Time since last request: 179.727821 seconds.
  path: Assets/Scripts/LoadName.cs
  artifactKey: Guid(30b939d93ba8df8408794aacd7458837) Importer(815301076,1909f56bfc062723c751e8b465ee728b)
Start importing Assets/Scripts/LoadName.cs using Guid(30b939d93ba8df8408794aacd7458837) Importer(815301076,1909f56bfc062723c751e8b465ee728b)  -> (artifact id: 'afe43464a3ef1832d0e56b88eef1e29f') in 0.003486 seconds
  Import took 0.004919 seconds .

========================================================================
Received Prepare
Registering precompiled user dll's ...
Registered in 0.000513 seconds.
Begin MonoManager ReloadAssembly
Native extension for LinuxStandalone target not found
Native extension for WindowsStandalone target not found
Native extension for OSXStandalone target not found
Native extension for WebGL target not found
Refreshing native plugins compatible for Editor in 0.23 ms, found 0 plugins.
Preloading 0 native plugins for Editor in 0.00 ms.
Invoked RoslynAnalysisRunner static constructor.
RoslynAnalysisRunner will not be running.
RoslynAnalysisRunner has terminated.
Mono: successfully reloaded assembly
- Completed reload, in  0.668 seconds
Platform modules already initialized, skipping
Refreshing native plugins compatible for Editor in 0.17 ms, found 0 plugins.
Preloading 0 native plugins for Editor in 0.00 ms.
Unloading 1091 Unused Serialized files (Serialized files now loaded: 0)
System memory in use before: 58.8 MB.
System memory in use after: 58.9 MB.

Unloading 5 unused Assets to reduce memory usage. Loaded Objects now: 1593.
Total: 1.281100 ms (FindLiveObjects: 0.171800 ms CreateObjectMapping: 0.052000 ms MarkObjects: 1.019600 ms  DeleteObjects: 0.036700 ms)

========================================================================
Received Prepare
Registering precompiled user dll's ...
Registered in 0.000475 seconds.
Begin MonoManager ReloadAssembly
Native extension for LinuxStandalone target not found
Native extension for WindowsStandalone target not found
Native extension for OSXStandalone target not found
Native extension for WebGL target not found
Refreshing native plugins compatible for Editor in 0.19 ms, found 0 plugins.
Preloading 0 native plugins for Editor in 0.00 ms.
Invoked RoslynAnalysisRunner static constructor.
RoslynAnalysisRunner will not be running.
RoslynAnalysisRunner has terminated.
Mono: successfully reloaded assembly
- Completed reload, in  0.640 seconds
Platform modules already initialized, skipping
Refreshing native plugins compatible for Editor in 0.16 ms, found 0 plugins.
Preloading 0 native plugins for Editor in 0.00 ms.
Unloading 1091 Unused Serialized files (Serialized files now loaded: 0)
System memory in use before: 58.9 MB.
System memory in use after: 59.0 MB.

Unloading 5 unused Assets to reduce memory usage. Loaded Objects now: 1595.
Total: 1.188200 ms (FindLiveObjects: 0.109400 ms CreateObjectMapping: 0.028400 ms MarkObjects: 1.012800 ms  DeleteObjects: 0.036700 ms)

========================================================================
Received Prepare
Registering precompiled user dll's ...
Registered in 0.000462 seconds.
Begin MonoManager ReloadAssembly
Native extension for LinuxStandalone target not found
Native extension for WindowsStandalone target not found
Native extension for OSXStandalone target not found
Native extension for WebGL target not found
Refreshing native plugins compatible for Editor in 0.19 ms, found 0 plugins.
Preloading 0 native plugins for Editor in 0.00 ms.
Invoked RoslynAnalysisRunner static constructor.
RoslynAnalysisRunner will not be running.
RoslynAnalysisRunner has terminated.
Mono: successfully reloaded assembly
- Completed reload, in  0.655 seconds
Platform modules already initialized, skipping
Refreshing native plugins compatible for Editor in 0.16 ms, found 0 plugins.
Preloading 0 native plugins for Editor in 0.00 ms.
Unloading 1091 Unused Serialized files (Serialized files now loaded: 0)
System memory in use before: 58.1 MB.
System memory in use after: 58.2 MB.

Unloading 5 unused Assets to reduce memory usage. Loaded Objects now: 1597.
Total: 1.263800 ms (FindLiveObjects: 0.133800 ms CreateObjectMapping: 0.028900 ms MarkObjects: 1.065400 ms  DeleteObjects: 0.034600 ms)

========================================================================
Received Prepare
Registering precompiled user dll's ...
Registered in 0.000469 seconds.
Begin MonoManager ReloadAssembly
Native extension for LinuxStandalone target not found
Native extension for WindowsStandalone target not found
Native extension for OSXStandalone target not found
Native extension for WebGL target not found
Refreshing native plugins compatible for Editor in 0.17 ms, found 0 plugins.
Preloading 0 native plugins for Editor in 0.00 ms.
Invoked RoslynAnalysisRunner static constructor.
RoslynAnalysisRunner will not be running.
RoslynAnalysisRunner has terminated.
Mono: successfully reloaded assembly
- Completed reload, in  0.635 seconds
Platform modules already initialized, skipping
Refreshing native plugins compatible for Editor in 0.17 ms, found 0 plugins.
Preloading 0 native plugins for Editor in 0.00 ms.
Unloading 1091 Unused Serialized files (Serialized files now loaded: 0)
System memory in use before: 58.3 MB.
System memory in use after: 58.4 MB.

Unloading 5 unused Assets to reduce memory usage. Loaded Objects now: 1599.
Total: 1.145100 ms (FindLiveObjects: 0.103200 ms CreateObjectMapping: 0.024300 ms MarkObjects: 0.979300 ms  DeleteObjects: 0.037600 ms)

========================================================================
Received Prepare
Registering precompiled user dll's ...
Registered in 0.000669 seconds.
Begin MonoManager ReloadAssembly
Native extension for LinuxStandalone target not found
Native extension for WindowsStandalone target not found
Native extension for OSXStandalone target not found
Native extension for WebGL target not found
Refreshing native plugins compatible for Editor in 0.17 ms, found 0 plugins.
Preloading 0 native plugins for Editor in 0.00 ms.
Invoked RoslynAnalysisRunner static constructor.
RoslynAnalysisRunner will not be running.
RoslynAnalysisRunner has terminated.
Mono: successfully reloaded assembly
- Completed reload, in  0.647 seconds
Platform modules already initialized, skipping
Refreshing native plugins compatible for Editor in 0.16 ms, found 0 plugins.
Preloading 0 native plugins for Editor in 0.00 ms.
Unloading 1091 Unused Serialized files (Serialized files now loaded: 0)
System memory in use before: 58.5 MB.
System memory in use after: 58.6 MB.

Unloading 5 unused Assets to reduce memory usage. Loaded Objects now: 1601.
Total: 1.225000 ms (FindLiveObjects: 0.123700 ms CreateObjectMapping: 0.033200 ms MarkObjects: 1.028000 ms  DeleteObjects: 0.039200 ms)

========================================================================
Received Prepare
Registering precompiled user dll's ...
Registered in 0.000507 seconds.
Begin MonoManager ReloadAssembly
Native extension for LinuxStandalone target not found
Native extension for WindowsStandalone target not found
Native extension for OSXStandalone target not found
Native extension for WebGL target not found
Refreshing native plugins compatible for Editor in 0.17 ms, found 0 plugins.
Preloading 0 native plugins for Editor in 0.00 ms.
Invoked RoslynAnalysisRunner static constructor.
RoslynAnalysisRunner will not be running.
RoslynAnalysisRunner has terminated.
Mono: successfully reloaded assembly
- Completed reload, in  0.662 seconds
Platform modules already initialized, skipping
Refreshing native plugins compatible for Editor in 0.17 ms, found 0 plugins.
Preloading 0 native plugins for Editor in 0.00 ms.
Unloading 1091 Unused Serialized files (Serialized files now loaded: 0)
System memory in use before: 58.7 MB.
System memory in use after: 58.7 MB.

Unloading 5 unused Assets to reduce memory usage. Loaded Objects now: 1603.
Total: 1.247700 ms (FindLiveObjects: 0.113600 ms CreateObjectMapping: 0.029600 ms MarkObjects: 1.065100 ms  DeleteObjects: 0.038300 ms)

========================================================================
Received Import Request.
  Time since last request: 576.546330 seconds.
  path: Assets/Scenes/SampleScene.unity
  artifactKey: Guid(9fc0d4010bbf28b4594072e72b8655ab) Importer(815301076,1909f56bfc062723c751e8b465ee728b)
Start importing Assets/Scenes/SampleScene.unity using Guid(9fc0d4010bbf28b4594072e72b8655ab) Importer(815301076,1909f56bfc062723c751e8b465ee728b)  -> (artifact id: 'a9ef54c68bbd14d3fdae4ab548b7ce81') in 0.014888 seconds
  Import took 0.017039 seconds .

========================================================================
Received Prepare
Registering precompiled user dll's ...
Registered in 0.000535 seconds.
Begin MonoManager ReloadAssembly
Native extension for LinuxStandalone target not found
Native extension for WindowsStandalone target not found
Native extension for OSXStandalone target not found
Native extension for WebGL target not found
Refreshing native plugins compatible for Editor in 0.17 ms, found 0 plugins.
Preloading 0 native plugins for Editor in 0.00 ms.
Invoked RoslynAnalysisRunner static constructor.
RoslynAnalysisRunner will not be running.
RoslynAnalysisRunner has terminated.
Mono: successfully reloaded assembly
- Completed reload, in  0.658 seconds
Platform modules already initialized, skipping
Refreshing native plugins compatible for Editor in 0.18 ms, found 0 plugins.
Preloading 0 native plugins for Editor in 0.00 ms.
Unloading 1091 Unused Serialized files (Serialized files now loaded: 0)
System memory in use before: 58.8 MB.
System memory in use after: 58.9 MB.

Unloading 5 unused Assets to reduce memory usage. Loaded Objects now: 1605.
Total: 1.192900 ms (FindLiveObjects: 0.117700 ms CreateObjectMapping: 0.031400 ms MarkObjects: 1.009600 ms  DeleteObjects: 0.033400 ms)

========================================================================
Received Import Request.
  Time since last request: 10.858242 seconds.
  path: Assets/Scenes/Game.unity
  artifactKey: Guid(c89c7f325e17f834e96a8f32f832c111) Importer(815301076,1909f56bfc062723c751e8b465ee728b)
Start importing Assets/Scenes/Game.unity using Guid(c89c7f325e17f834e96a8f32f832c111) Importer(815301076,1909f56bfc062723c751e8b465ee728b)  -> (artifact id: '2fc567b6747bd3167957bdfd16961202') in 0.012466 seconds
  Import took 0.014020 seconds .

========================================================================
Received Import Request.
  Time since last request: 2.346916 seconds.
  path: Assets/Scripts/ButtonScrip.cs
  artifactKey: Guid(1e10ff4b81c0a6b4a8b0ea042e1d81f7) Importer(815301076,1909f56bfc062723c751e8b465ee728b)
Start importing Assets/Scripts/ButtonScrip.cs using Guid(1e10ff4b81c0a6b4a8b0ea042e1d81f7) Importer(815301076,1909f56bfc062723c751e8b465ee728b)  -> (artifact id: '100db5edc4bd784315bdc6ad03446f3f') in 0.004498 seconds
  Import took 0.005852 seconds .

========================================================================
Received Import Request.
  Time since last request: 0.000469 seconds.
  path: Assets/Scripts/ButtonScrip.cs
  artifactKey: Guid(1e10ff4b81c0a6b4a8b0ea042e1d81f7) Importer(815301076,1909f56bfc062723c751e8b465ee728b)
Start importing Assets/Scripts/ButtonScrip.cs using Guid(1e10ff4b81c0a6b4a8b0ea042e1d81f7) Importer(815301076,1909f56bfc062723c751e8b465ee728b)  -> (artifact id: '100db5edc4bd784315bdc6ad03446f3f') in 0.002428 seconds
  Import took 0.004228 seconds .

========================================================================
Received Import Request.
  Time since last request: 2.316917 seconds.
  path: Assets/Scripts/LoadName.cs
  artifactKey: Guid(30b939d93ba8df8408794aacd7458837) Importer(815301076,1909f56bfc062723c751e8b465ee728b)
Start importing Assets/Scripts/LoadName.cs using Guid(30b939d93ba8df8408794aacd7458837) Importer(815301076,1909f56bfc062723c751e8b465ee728b)  -> (artifact id: '86f6560209050721ee12e646c6906241') in 0.001935 seconds
  Import took 0.003733 seconds .

========================================================================
Received Prepare
Registering precompiled user dll's ...
Registered in 0.000467 seconds.
Begin MonoManager ReloadAssembly
Native extension for LinuxStandalone target not found
Native extension for WindowsStandalone target not found
Native extension for OSXStandalone target not found
Native extension for WebGL target not found
Refreshing native plugins compatible for Editor in 0.17 ms, found 0 plugins.
Preloading 0 native plugins for Editor in 0.00 ms.
Invoked RoslynAnalysisRunner static constructor.
RoslynAnalysisRunner will not be running.
RoslynAnalysisRunner has terminated.
Mono: successfully reloaded assembly
- Completed reload, in  0.635 seconds
Platform modules already initialized, skipping
Refreshing native plugins compatible for Editor in 0.16 ms, found 0 plugins.
Preloading 0 native plugins for Editor in 0.00 ms.
Unloading 1091 Unused Serialized files (Serialized files now loaded: 0)
System memory in use before: 58.9 MB.
System memory in use after: 59.0 MB.

Unloading 5 unused Assets to reduce memory usage. Loaded Objects now: 1607.
Total: 1.175200 ms (FindLiveObjects: 0.114600 ms CreateObjectMapping: 0.031700 ms MarkObjects: 0.990800 ms  DeleteObjects: 0.036800 ms)

========================================================================
Received Prepare
Registering precompiled user dll's ...
Registered in 0.000469 seconds.
Begin MonoManager ReloadAssembly
Native extension for LinuxStandalone target not found
Native extension for WindowsStandalone target not found
Native extension for OSXStandalone target not found
Native extension for WebGL target not found
Refreshing native plugins compatible for Editor in 0.19 ms, found 0 plugins.
Preloading 0 native plugins for Editor in 0.00 ms.
Invoked RoslynAnalysisRunner static constructor.
RoslynAnalysisRunner will not be running.
RoslynAnalysisRunner has terminated.
Mono: successfully reloaded assembly
- Completed reload, in  0.625 seconds
Platform modules already initialized, skipping
Refreshing native plugins compatible for Editor in 0.16 ms, found 0 plugins.
Preloading 0 native plugins for Editor in 0.00 ms.
Unloading 1091 Unused Serialized files (Serialized files now loaded: 0)
System memory in use before: 58.2 MB.
System memory in use after: 58.3 MB.

Unloading 5 unused Assets to reduce memory usage. Loaded Objects now: 1609.
Total: 1.443500 ms (FindLiveObjects: 0.182600 ms CreateObjectMapping: 0.064100 ms MarkObjects: 1.157400 ms  DeleteObjects: 0.038500 ms)

